<?xml version="1.0" encoding="UTF-8"?>
<!-- Generated by org.testng.reporters.JUnitReportReporter -->
<testsuite hostname="DSS-CHE-VIVEK" name="GoogleTest.GoogleTestClass" tests="1" failures="0" timestamp="19 Mar 2017 11:46:03 GMT" time="80.305" errors="0">
  <testcase name="googletestmethod" time="80.305" classname="GoogleTest.GoogleTestClass"/>
</testsuite> <!-- GoogleTest.GoogleTestClass -->
